Analysis & Synthesis report for I2C
Wed Aug 06 16:56:31 2025
Quartus Prime Version 18.1.0 Build 625 09/12/2018 SJ Lite Edition


---------------------
; Table of Contents ;
---------------------
  1. Legal Notice
  2. Analysis & Synthesis Summary
  3. Analysis & Synthesis Settings
  4. Parallel Compilation
  5. Analysis & Synthesis Source Files Read
  6. Analysis & Synthesis Resource Usage Summary
  7. Analysis & Synthesis Resource Utilization by Entity
  8. General Register Statistics
  9. Inverted Register Statistics
 10. Multiplexer Restructuring Statistics (Restructuring Performed)
 11. Parameter Settings for User Entity Instance: Top-level Entity: |i2c_master
 12. Post-Synthesis Netlist Statistics for Top Partition
 13. Elapsed Time Per Partition
 14. Analysis & Synthesis Messages



----------------
; Legal Notice ;
----------------
Copyright (C) 2018  Intel Corporation. All rights reserved.
Your use of Intel Corporation's design tools, logic functions 
and other software and tools, and its AMPP partner logic 
functions, and any output files from any of the foregoing 
(including device programming or simulation files), and any 
associated documentation or information are expressly subject 
to the terms and conditions of the Intel Program License 
Subscription Agreement, the Intel Quartus Prime License Agreement,
the Intel FPGA IP License Agreement, or other applicable license
agreement, including, without limitation, that your use is for
the sole purpose of programming logic devices manufactured by
Intel and sold by Intel or its authorized distributors.  Please
refer to the applicable agreement for further details.



+-------------------------------------------------------------------------------+
; Analysis & Synthesis Summary                                                  ;
+---------------------------------+---------------------------------------------+
; Analysis & Synthesis Status     ; Successful - Wed Aug 06 16:56:30 2025       ;
; Quartus Prime Version           ; 18.1.0 Build 625 09/12/2018 SJ Lite Edition ;
; Revision Name                   ; I2C                                         ;
; Top-level Entity Name           ; i2c_master                                  ;
; Family                          ; Cyclone V                                   ;
; Logic utilization (in ALMs)     ; N/A                                         ;
; Total registers                 ; 38                                          ;
; Total pins                      ; 28                                          ;
; Total virtual pins              ; 0                                           ;
; Total block memory bits         ; 0                                           ;
; Total DSP Blocks                ; 0                                           ;
; Total HSSI RX PCSs              ; 0                                           ;
; Total HSSI PMA RX Deserializers ; 0                                           ;
; Total HSSI TX PCSs              ; 0                                           ;
; Total HSSI PMA TX Serializers   ; 0                                           ;
; Total PLLs                      ; 0                                           ;
; Total DLLs                      ; 0                                           ;
+---------------------------------+---------------------------------------------+


+---------------------------------------------------------------------------------------------------------------------------+
; Analysis & Synthesis Settings                                                                                             ;
+---------------------------------------------------------------------------------+--------------------+--------------------+
; Option                                                                          ; Setting            ; Default Value      ;
+---------------------------------------------------------------------------------+--------------------+--------------------+
; Device                                                                          ; 5CSEMA5F31C6       ;                    ;
; Top-level entity name                                                           ; i2c_master         ; I2C                ;
; Family name                                                                     ; Cyclone V          ; Cyclone V          ;
; Maximum processors allowed for parallel compilation                             ; All                ;                    ;
; VHDL Show LMF Mapping Messages                                                  ; Off                ;                    ;
; VHDL Version                                                                    ; VHDL_2008          ; VHDL_1993          ;
; Use smart compilation                                                           ; Off                ; Off                ;
; Enable parallel Assembler and Timing Analyzer during compilation                ; On                 ; On                 ;
; Enable compact report table                                                     ; Off                ; Off                ;
; Restructure Multiplexers                                                        ; Auto               ; Auto               ;
; MLAB Add Timing Constraints For Mixed-Port Feed-Through Mode Setting Don't Care ; Off                ; Off                ;
; Create Debugging Nodes for IP Cores                                             ; Off                ; Off                ;
; Preserve fewer node names                                                       ; On                 ; On                 ;
; Intel FPGA IP Evaluation Mode                                                   ; Enable             ; Enable             ;
; Verilog Version                                                                 ; Verilog_2001       ; Verilog_2001       ;
; State Machine Processing                                                        ; Auto               ; Auto               ;
; Safe State Machine                                                              ; Off                ; Off                ;
; Extract Verilog State Machines                                                  ; On                 ; On                 ;
; Extract VHDL State Machines                                                     ; On                 ; On                 ;
; Ignore Verilog initial constructs                                               ; Off                ; Off                ;
; Iteration limit for constant Verilog loops                                      ; 5000               ; 5000               ;
; Iteration limit for non-constant Verilog loops                                  ; 250                ; 250                ;
; Add Pass-Through Logic to Inferred RAMs                                         ; On                 ; On                 ;
; Infer RAMs from Raw Logic                                                       ; On                 ; On                 ;
; Parallel Synthesis                                                              ; On                 ; On                 ;
; DSP Block Balancing                                                             ; Auto               ; Auto               ;
; NOT Gate Push-Back                                                              ; On                 ; On                 ;
; Power-Up Don't Care                                                             ; On                 ; On                 ;
; Remove Redundant Logic Cells                                                    ; Off                ; Off                ;
; Remove Duplicate Registers                                                      ; On                 ; On                 ;
; Ignore CARRY Buffers                                                            ; Off                ; Off                ;
; Ignore CASCADE Buffers                                                          ; Off                ; Off                ;
; Ignore GLOBAL Buffers                                                           ; Off                ; Off                ;
; Ignore ROW GLOBAL Buffers                                                       ; Off                ; Off                ;
; Ignore LCELL Buffers                                                            ; Off                ; Off                ;
; Ignore SOFT Buffers                                                             ; On                 ; On                 ;
; Limit AHDL Integers to 32 Bits                                                  ; Off                ; Off                ;
; Optimization Technique                                                          ; Balanced           ; Balanced           ;
; Carry Chain Length                                                              ; 70                 ; 70                 ;
; Auto Carry Chains                                                               ; On                 ; On                 ;
; Auto Open-Drain Pins                                                            ; On                 ; On                 ;
; Perform WYSIWYG Primitive Resynthesis                                           ; Off                ; Off                ;
; Auto ROM Replacement                                                            ; On                 ; On                 ;
; Auto RAM Replacement                                                            ; On                 ; On                 ;
; Auto DSP Block Replacement                                                      ; On                 ; On                 ;
; Auto Shift Register Replacement                                                 ; Auto               ; Auto               ;
; Allow Shift Register Merging across Hierarchies                                 ; Auto               ; Auto               ;
; Auto Clock Enable Replacement                                                   ; On                 ; On                 ;
; Strict RAM Replacement                                                          ; Off                ; Off                ;
; Allow Synchronous Control Signals                                               ; On                 ; On                 ;
; Force Use of Synchronous Clear Signals                                          ; Off                ; Off                ;
; Auto Resource Sharing                                                           ; Off                ; Off                ;
; Allow Any RAM Size For Recognition                                              ; Off                ; Off                ;
; Allow Any ROM Size For Recognition                                              ; Off                ; Off                ;
; Allow Any Shift Register Size For Recognition                                   ; Off                ; Off                ;
; Use LogicLock Constraints during Resource Balancing                             ; On                 ; On                 ;
; Ignore translate_off and synthesis_off directives                               ; Off                ; Off                ;
; Timing-Driven Synthesis                                                         ; On                 ; On                 ;
; Report Parameter Settings                                                       ; On                 ; On                 ;
; Report Source Assignments                                                       ; On                 ; On                 ;
; Report Connectivity Checks                                                      ; On                 ; On                 ;
; Ignore Maximum Fan-Out Assignments                                              ; Off                ; Off                ;
; Synchronization Register Chain Length                                           ; 3                  ; 3                  ;
; Power Optimization During Synthesis                                             ; Normal compilation ; Normal compilation ;
; HDL message level                                                               ; Level2             ; Level2             ;
; Suppress Register Optimization Related Messages                                 ; Off                ; Off                ;
; Number of Removed Registers Reported in Synthesis Report                        ; 5000               ; 5000               ;
; Number of Swept Nodes Reported in Synthesis Report                              ; 5000               ; 5000               ;
; Number of Inverted Registers Reported in Synthesis Report                       ; 100                ; 100                ;
; Clock MUX Protection                                                            ; On                 ; On                 ;
; Auto Gated Clock Conversion                                                     ; Off                ; Off                ;
; Block Design Naming                                                             ; Auto               ; Auto               ;
; SDC constraint protection                                                       ; Off                ; Off                ;
; Synthesis Effort                                                                ; Auto               ; Auto               ;
; Shift Register Replacement - Allow Asynchronous Clear Signal                    ; On                 ; On                 ;
; Pre-Mapping Resynthesis Optimization                                            ; Off                ; Off                ;
; Analysis & Synthesis Message Level                                              ; Medium             ; Medium             ;
; Disable Register Merging Across Hierarchies                                     ; Auto               ; Auto               ;
; Resource Aware Inference For Block RAM                                          ; On                 ; On                 ;
; Automatic Parallel Synthesis                                                    ; On                 ; On                 ;
; Partial Reconfiguration Bitstream ID                                            ; Off                ; Off                ;
+---------------------------------------------------------------------------------+--------------------+--------------------+


+------------------------------------------+
; Parallel Compilation                     ;
+----------------------------+-------------+
; Processors                 ; Number      ;
+----------------------------+-------------+
; Number detected on machine ; 2           ;
; Maximum allowed            ; 2           ;
;                            ;             ;
; Average used               ; 1.00        ;
; Maximum used               ; 2           ;
;                            ;             ;
; Usage by Processor         ; % Time Used ;
;     Processor 1            ; 100.0%      ;
;     Processor 2            ;   0.0%      ;
+----------------------------+-------------+


+-------------------------------------------------------------------------------------------------------------------------------------------------------+
; Analysis & Synthesis Source Files Read                                                                                                                ;
+----------------------------------+-----------------+-----------------+----------------------------------------------------------------------+---------+
; File Name with User-Entered Path ; Used in Netlist ; File Type       ; File Name with Absolute Path                                         ; Library ;
+----------------------------------+-----------------+-----------------+----------------------------------------------------------------------+---------+
; ../VHDL/lib_i2c/i2c_pkg.vhd      ; yes             ; User VHDL File  ; C:/Users/Wolf/Dropbox/Projecten/FPGA_I2C/VHDL/lib_i2c/i2c_pkg.vhd    ; lib_i2c ;
; ../VHDL/lib_i2c/i2c_master.vhd   ; yes             ; User VHDL File  ; C:/Users/Wolf/Dropbox/Projecten/FPGA_I2C/VHDL/lib_i2c/i2c_master.vhd ; lib_i2c ;
+----------------------------------+-----------------+-----------------+----------------------------------------------------------------------+---------+


+-------------------------------------------------------------+
; Analysis & Synthesis Resource Usage Summary                 ;
+---------------------------------------------+---------------+
; Resource                                    ; Usage         ;
+---------------------------------------------+---------------+
; Estimate of Logic utilization (ALMs needed) ; 33            ;
;                                             ;               ;
; Combinational ALUT usage for logic          ; 54            ;
;     -- 7 input functions                    ; 3             ;
;     -- 6 input functions                    ; 7             ;
;     -- 5 input functions                    ; 12            ;
;     -- 4 input functions                    ; 4             ;
;     -- <=3 input functions                  ; 28            ;
;                                             ;               ;
; Dedicated logic registers                   ; 38            ;
;                                             ;               ;
; I/O pins                                    ; 28            ;
;                                             ;               ;
; Total DSP Blocks                            ; 0             ;
;                                             ;               ;
; Maximum fan-out node                        ; I_reset~input ;
; Maximum fan-out                             ; 39            ;
; Total fan-out                               ; 389           ;
; Average fan-out                             ; 2.63          ;
+---------------------------------------------+---------------+


+----------------------------------------------------------------------------------------------------------------------------------------------------------------------------------------+
; Analysis & Synthesis Resource Utilization by Entity                                                                                                                                    ;
+----------------------------+---------------------+---------------------------+-------------------+------------+------+--------------+---------------------+-------------+--------------+
; Compilation Hierarchy Node ; Combinational ALUTs ; Dedicated Logic Registers ; Block Memory Bits ; DSP Blocks ; Pins ; Virtual Pins ; Full Hierarchy Name ; Entity Name ; Library Name ;
+----------------------------+---------------------+---------------------------+-------------------+------------+------+--------------+---------------------+-------------+--------------+
; |i2c_master                ; 54 (54)             ; 38 (38)                   ; 0                 ; 0          ; 28   ; 0            ; |i2c_master         ; i2c_master  ; lib_i2c      ;
+----------------------------+---------------------+---------------------------+-------------------+------------+------+--------------+---------------------+-------------+--------------+
Note: For table entries with two numbers listed, the numbers in parentheses indicate the number of resources of the given type used by the specific entity alone. The numbers listed outside of parentheses indicate the total resources of the given type used by the specific entity and all of its sub-entities in the hierarchy.


+------------------------------------------------------+
; General Register Statistics                          ;
+----------------------------------------------+-------+
; Statistic                                    ; Value ;
+----------------------------------------------+-------+
; Total registers                              ; 38    ;
; Number of registers using Synchronous Clear  ; 11    ;
; Number of registers using Synchronous Load   ; 11    ;
; Number of registers using Asynchronous Clear ; 37    ;
; Number of registers using Asynchronous Load  ; 0     ;
; Number of registers using Clock Enable       ; 20    ;
; Number of registers using Preset             ; 0     ;
+----------------------------------------------+-------+


+--------------------------------------------------+
; Inverted Register Statistics                     ;
+----------------------------------------+---------+
; Inverted Register                      ; Fan out ;
+----------------------------------------+---------+
; O_I2C_SCL~reg0                         ; 3       ;
; Total number of inverted registers = 1 ;         ;
+----------------------------------------+---------+


+-----------------------------------------------------------------------------------------------------------------------------------------------------------+
; Multiplexer Restructuring Statistics (Restructuring Performed)                                                                                            ;
+--------------------+-----------+---------------+----------------------+------------------------+------------+---------------------------------------------+
; Multiplexer Inputs ; Bus Width ; Baseline Area ; Area if Restructured ; Saving if Restructured ; Registered ; Example Multiplexer Output                  ;
+--------------------+-----------+---------------+----------------------+------------------------+------------+---------------------------------------------+
; 5:1                ; 11 bits   ; 33 LEs        ; 0 LEs                ; 33 LEs                 ; Yes        ; |i2c_master|S_i2c_start_allowed_counter[10] ;
+--------------------+-----------+---------------+----------------------+------------------------+------------+---------------------------------------------+


+----------------------------------------------------------------------------+
; Parameter Settings for User Entity Instance: Top-level Entity: |i2c_master ;
+----------------------+----------+------------------------------------------+
; Parameter Name       ; Value    ; Type                                     ;
+----------------------+----------+------------------------------------------+
; GC_clk_frequency     ; 50000000 ; Signed Integer                           ;
; GC_i2c_clk_frequency ; 100000   ; Signed Integer                           ;
+----------------------+----------+------------------------------------------+
Note: In order to hide this table in the UI and the text report file, please set the "Show Parameter Settings in Synthesis Report" option in "Analysis and Synthesis Settings -> More Settings" to "Off".


+-----------------------------------------------------+
; Post-Synthesis Netlist Statistics for Top Partition ;
+-----------------------+-----------------------------+
; Type                  ; Count                       ;
+-----------------------+-----------------------------+
; arriav_ff             ; 38                          ;
;     CLR               ; 7                           ;
;     CLR SLD           ; 11                          ;
;     ENA               ; 1                           ;
;     ENA CLR           ; 8                           ;
;     ENA CLR SCLR      ; 11                          ;
; arriav_lcell_comb     ; 55                          ;
;     arith             ; 22                          ;
;         1 data inputs ; 22                          ;
;     extend            ; 3                           ;
;         7 data inputs ; 3                           ;
;     normal            ; 30                          ;
;         0 data inputs ; 1                           ;
;         1 data inputs ; 1                           ;
;         2 data inputs ; 3                           ;
;         3 data inputs ; 2                           ;
;         4 data inputs ; 4                           ;
;         5 data inputs ; 12                          ;
;         6 data inputs ; 7                           ;
; boundary_port         ; 28                          ;
;                       ;                             ;
; Max LUT depth         ; 3.00                        ;
; Average LUT depth     ; 2.13                        ;
+-----------------------+-----------------------------+


+-------------------------------+
; Elapsed Time Per Partition    ;
+----------------+--------------+
; Partition Name ; Elapsed Time ;
+----------------+--------------+
; Top            ; 00:00:01     ;
+----------------+--------------+


+-------------------------------+
; Analysis & Synthesis Messages ;
+-------------------------------+
Info: *******************************************************************
Info: Running Quartus Prime Analysis & Synthesis
    Info: Version 18.1.0 Build 625 09/12/2018 SJ Lite Edition
    Info: Processing started: Wed Aug 06 16:55:57 2025
Info: Command: quartus_map --read_settings_files=on --write_settings_files=off I2C -c I2C
Info (20030): Parallel compilation is enabled and will use 2 of the 2 processors detected
Info (12021): Found 2 design units, including 1 entities, in source file /users/wolf/dropbox/projecten/fpga_i2c/vhdl/lib_i2c/i2c_tb.vhd
    Info (12022): Found design unit 1: i2c_tb-i2c_tb_RTL File: C:/Users/Wolf/Dropbox/Projecten/FPGA_I2C/VHDL/lib_i2c/i2c_tb.vhd Line: 11
    Info (12023): Found entity 1: i2c_tb File: C:/Users/Wolf/Dropbox/Projecten/FPGA_I2C/VHDL/lib_i2c/i2c_tb.vhd Line: 8
Info (12021): Found 2 design units, including 0 entities, in source file /users/wolf/dropbox/projecten/fpga_i2c/vhdl/lib_i2c/i2c_pkg.vhd
    Info (12022): Found design unit 1: i2c_pkg (lib_i2c) File: C:/Users/Wolf/Dropbox/Projecten/FPGA_I2C/VHDL/lib_i2c/i2c_pkg.vhd Line: 3
    Info (12022): Found design unit 2: i2c_pkg-body File: C:/Users/Wolf/Dropbox/Projecten/FPGA_I2C/VHDL/lib_i2c/i2c_pkg.vhd Line: 7
Info (12021): Found 2 design units, including 1 entities, in source file /users/wolf/dropbox/projecten/fpga_i2c/vhdl/lib_i2c/i2c_master.vhd
    Info (12022): Found design unit 1: i2c_master-i2c_master_RTL File: C:/Users/Wolf/Dropbox/Projecten/FPGA_I2C/VHDL/lib_i2c/i2c_master.vhd Line: 44
    Info (12023): Found entity 1: i2c_master File: C:/Users/Wolf/Dropbox/Projecten/FPGA_I2C/VHDL/lib_i2c/i2c_master.vhd Line: 14
Info (12021): Found 2 design units, including 1 entities, in source file /users/wolf/dropbox/projecten/fpga_i2c/vhdl/lib_tb/clock_generator.vhd
    Info (12022): Found design unit 1: tb_clock_generator-tb_clock_generator_RTL File: C:/Users/Wolf/Dropbox/Projecten/FPGA_I2C/VHDL/lib_tb/clock_generator.vhd Line: 14
    Info (12023): Found entity 1: tb_clock_generator File: C:/Users/Wolf/Dropbox/Projecten/FPGA_I2C/VHDL/lib_tb/clock_generator.vhd Line: 4
Info (12021): Found 2 design units, including 1 entities, in source file /users/wolf/dropbox/projecten/fpga_i2c/vhdl/lib_buffer/axi_buffer_tb.vhd
    Info (12022): Found design unit 1: AXI_buffer_tb-AXI_buffer_tb_RTL File: C:/Users/Wolf/Dropbox/Projecten/FPGA_I2C/VHDL/lib_buffer/AXI_buffer_tb.vhd Line: 13
    Info (12023): Found entity 1: AXI_buffer_tb File: C:/Users/Wolf/Dropbox/Projecten/FPGA_I2C/VHDL/lib_buffer/AXI_buffer_tb.vhd Line: 10
Info (12021): Found 2 design units, including 1 entities, in source file /users/wolf/dropbox/projecten/fpga_i2c/vhdl/lib_buffer/axi_buffer.vhd
    Info (12022): Found design unit 1: AXI_buffer-AXI_buffer_RTL File: C:/Users/Wolf/Dropbox/Projecten/FPGA_I2C/VHDL/lib_buffer/AXI_buffer.vhd Line: 27
    Info (12023): Found entity 1: AXI_buffer File: C:/Users/Wolf/Dropbox/Projecten/FPGA_I2C/VHDL/lib_buffer/AXI_buffer.vhd Line: 7
Info (12127): Elaborating entity "i2c_master" for the top level hierarchy
Warning (10541): VHDL Signal Declaration warning at i2c_master.vhd(30): used implicit default value for signal "O_data_out_valid" because signal was never assigned a value or an explicit default value. Use of implicit default value may introduce unintended design optimizations. File: C:/Users/Wolf/Dropbox/Projecten/FPGA_I2C/VHDL/lib_i2c/i2c_master.vhd Line: 30
Warning (10541): VHDL Signal Declaration warning at i2c_master.vhd(31): used implicit default value for signal "O_data_out" because signal was never assigned a value or an explicit default value. Use of implicit default value may introduce unintended design optimizations. File: C:/Users/Wolf/Dropbox/Projecten/FPGA_I2C/VHDL/lib_i2c/i2c_master.vhd Line: 31
Warning (13024): Output pins are stuck at VCC or GND
    Warning (13410): Pin "O_data_out_valid" is stuck at GND File: C:/Users/Wolf/Dropbox/Projecten/FPGA_I2C/VHDL/lib_i2c/i2c_master.vhd Line: 30
    Warning (13410): Pin "O_data_out[0]" is stuck at GND File: C:/Users/Wolf/Dropbox/Projecten/FPGA_I2C/VHDL/lib_i2c/i2c_master.vhd Line: 31
    Warning (13410): Pin "O_data_out[1]" is stuck at GND File: C:/Users/Wolf/Dropbox/Projecten/FPGA_I2C/VHDL/lib_i2c/i2c_master.vhd Line: 31
    Warning (13410): Pin "O_data_out[2]" is stuck at GND File: C:/Users/Wolf/Dropbox/Projecten/FPGA_I2C/VHDL/lib_i2c/i2c_master.vhd Line: 31
    Warning (13410): Pin "O_data_out[3]" is stuck at GND File: C:/Users/Wolf/Dropbox/Projecten/FPGA_I2C/VHDL/lib_i2c/i2c_master.vhd Line: 31
    Warning (13410): Pin "O_data_out[4]" is stuck at GND File: C:/Users/Wolf/Dropbox/Projecten/FPGA_I2C/VHDL/lib_i2c/i2c_master.vhd Line: 31
    Warning (13410): Pin "O_data_out[5]" is stuck at GND File: C:/Users/Wolf/Dropbox/Projecten/FPGA_I2C/VHDL/lib_i2c/i2c_master.vhd Line: 31
    Warning (13410): Pin "O_data_out[6]" is stuck at GND File: C:/Users/Wolf/Dropbox/Projecten/FPGA_I2C/VHDL/lib_i2c/i2c_master.vhd Line: 31
    Warning (13410): Pin "O_data_out[7]" is stuck at GND File: C:/Users/Wolf/Dropbox/Projecten/FPGA_I2C/VHDL/lib_i2c/i2c_master.vhd Line: 31
Info (286030): Timing-Driven Synthesis is running
Info (16010): Generating hard_block partition "hard_block:auto_generated_inst"
    Info (16011): Adding 0 node(s), including 0 DDIO, 0 PLL, 0 transceiver and 0 LCELL
Warning (21074): Design contains 1 input pin(s) that do not drive logic
    Warning (15610): No output dependent on input pin "I_data_out_ready" File: C:/Users/Wolf/Dropbox/Projecten/FPGA_I2C/VHDL/lib_i2c/i2c_master.vhd Line: 29
Info (21057): Implemented 90 device resources after synthesis - the final resource count might be different
    Info (21058): Implemented 16 input pins
    Info (21059): Implemented 12 output pins
    Info (21061): Implemented 62 logic cells
Info: Quartus Prime Analysis & Synthesis was successful. 0 errors, 14 warnings
    Info: Peak virtual memory: 4870 megabytes
    Info: Processing ended: Wed Aug 06 16:56:31 2025
    Info: Elapsed time: 00:00:34
    Info: Total CPU time (on all processors): 00:00:30


